<?xml version="1.0" encoding="UTF-8"?>
<testsuite xmlns:xsi="http://www.w3.org/2001/XMLSchema-instance" xsi:noNamespaceSchemaLocation="https://maven.apache.org/surefire/maven-surefire-plugin/xsd/surefire-test-report-3.0.xsd" version="3.0" name="cn.muzisheng.pear.serviceTest.ConfigServiceTests$GetIntegerEnvTests" time="0.034" tests="2" errors="0" skipped="0" failures="0">
  <properties>
    <property name="java.specification.version" value="21"/>
    <property name="sun.cpu.isalist" value="amd64"/>
    <property name="sun.jnu.encoding" value="GBK"/>
    <property name="java.class.path" value="D:\LocalGit\pear-spring-boot-starter\target\test-classes;D:\LocalGit\pear-spring-boot-starter\target\classes;D:\apache-maven-3.9.9\repository\org\springframework\boot\spring-boot-test\3.3.4\spring-boot-test-3.3.4.jar;D:\apache-maven-3.9.9\repository\org\springframework\boot\spring-boot\3.3.4\spring-boot-3.3.4.jar;D:\apache-maven-3.9.9\repository\org\springframework\spring-context\6.1.13\spring-context-6.1.13.jar;D:\apache-maven-3.9.9\repository\org\springframework\spring-test\6.1.13\spring-test-6.1.13.jar;D:\apache-maven-3.9.9\repository\com\fasterxml\jackson\core\jackson-databind\2.17.2\jackson-databind-2.17.2.jar;D:\apache-maven-3.9.9\repository\com\fasterxml\jackson\core\jackson-annotations\2.17.2\jackson-annotations-2.17.2.jar;D:\apache-maven-3.9.9\repository\com\fasterxml\jackson\core\jackson-core\2.17.2\jackson-core-2.17.2.jar;D:\apache-maven-3.9.9\repository\org\reflections\reflections\0.10.2\reflections-0.10.2.jar;D:\apache-maven-3.9.9\repository\org\javassist\javassist\3.28.0-GA\javassist-3.28.0-GA.jar;D:\apache-maven-3.9.9\repository\com\google\code\findbugs\jsr305\3.0.2\jsr305-3.0.2.jar;D:\apache-maven-3.9.9\repository\org\slf4j\slf4j-api\2.0.16\slf4j-api-2.0.16.jar;D:\apache-maven-3.9.9\repository\org\springframework\boot\spring-boot-starter-aop\3.3.4\spring-boot-starter-aop-3.3.4.jar;D:\apache-maven-3.9.9\repository\org\springframework\spring-aop\6.1.13\spring-aop-6.1.13.jar;D:\apache-maven-3.9.9\repository\org\springframework\spring-beans\6.1.13\spring-beans-6.1.13.jar;D:\apache-maven-3.9.9\repository\org\aspectj\aspectjweaver\1.9.22.1\aspectjweaver-1.9.22.1.jar;D:\apache-maven-3.9.9\repository\org\springframework\boot\spring-boot-autoconfigure\3.3.4\spring-boot-autoconfigure-3.3.4.jar;D:\apache-maven-3.9.9\repository\org\springframework\boot\spring-boot-configuration-processor\3.3.4\spring-boot-configuration-processor-3.3.4.jar;D:\apache-maven-3.9.9\repository\org\projectlombok\lombok\1.18.34\lombok-1.18.34.jar;D:\apache-maven-3.9.9\repository\org\springframework\boot\spring-boot-starter\3.3.4\spring-boot-starter-3.3.4.jar;D:\apache-maven-3.9.9\repository\org\springframework\boot\spring-boot-starter-logging\3.3.4\spring-boot-starter-logging-3.3.4.jar;D:\apache-maven-3.9.9\repository\ch\qos\logback\logback-classic\1.5.8\logback-classic-1.5.8.jar;D:\apache-maven-3.9.9\repository\ch\qos\logback\logback-core\1.5.8\logback-core-1.5.8.jar;D:\apache-maven-3.9.9\repository\org\apache\logging\log4j\log4j-to-slf4j\2.23.1\log4j-to-slf4j-2.23.1.jar;D:\apache-maven-3.9.9\repository\org\apache\logging\log4j\log4j-api\2.23.1\log4j-api-2.23.1.jar;D:\apache-maven-3.9.9\repository\org\slf4j\jul-to-slf4j\2.0.16\jul-to-slf4j-2.0.16.jar;D:\apache-maven-3.9.9\repository\jakarta\annotation\jakarta.annotation-api\2.1.1\jakarta.annotation-api-2.1.1.jar;D:\apache-maven-3.9.9\repository\org\springframework\spring-core\6.1.13\spring-core-6.1.13.jar;D:\apache-maven-3.9.9\repository\org\yaml\snakeyaml\2.2\snakeyaml-2.2.jar;D:\apache-maven-3.9.9\repository\org\springframework\boot\spring-boot-starter-web\3.3.4\spring-boot-starter-web-3.3.4.jar;D:\apache-maven-3.9.9\repository\org\springframework\boot\spring-boot-starter-json\3.3.4\spring-boot-starter-json-3.3.4.jar;D:\apache-maven-3.9.9\repository\com\fasterxml\jackson\datatype\jackson-datatype-jdk8\2.17.2\jackson-datatype-jdk8-2.17.2.jar;D:\apache-maven-3.9.9\repository\com\fasterxml\jackson\datatype\jackson-datatype-jsr310\2.17.2\jackson-datatype-jsr310-2.17.2.jar;D:\apache-maven-3.9.9\repository\com\fasterxml\jackson\module\jackson-module-parameter-names\2.17.2\jackson-module-parameter-names-2.17.2.jar;D:\apache-maven-3.9.9\repository\org\springframework\boot\spring-boot-starter-tomcat\3.3.4\spring-boot-starter-tomcat-3.3.4.jar;D:\apache-maven-3.9.9\repository\org\apache\tomcat\embed\tomcat-embed-core\10.1.30\tomcat-embed-core-10.1.30.jar;D:\apache-maven-3.9.9\repository\org\apache\tomcat\embed\tomcat-embed-el\10.1.30\tomcat-embed-el-10.1.30.jar;D:\apache-maven-3.9.9\repository\org\apache\tomcat\embed\tomcat-embed-websocket\10.1.30\tomcat-embed-websocket-10.1.30.jar;D:\apache-maven-3.9.9\repository\org\springframework\spring-web\6.1.13\spring-web-6.1.13.jar;D:\apache-maven-3.9.9\repository\io\micrometer\micrometer-observation\1.13.4\micrometer-observation-1.13.4.jar;D:\apache-maven-3.9.9\repository\io\micrometer\micrometer-commons\1.13.4\micrometer-commons-1.13.4.jar;D:\apache-maven-3.9.9\repository\org\springframework\spring-webmvc\6.1.13\spring-webmvc-6.1.13.jar;D:\apache-maven-3.9.9\repository\org\springframework\spring-expression\6.1.13\spring-expression-6.1.13.jar;D:\apache-maven-3.9.9\repository\org\springframework\boot\spring-boot-starter-test\3.3.4\spring-boot-starter-test-3.3.4.jar;D:\apache-maven-3.9.9\repository\org\springframework\boot\spring-boot-test-autoconfigure\3.3.4\spring-boot-test-autoconfigure-3.3.4.jar;D:\apache-maven-3.9.9\repository\com\jayway\jsonpath\json-path\2.9.0\json-path-2.9.0.jar;D:\apache-maven-3.9.9\repository\jakarta\xml\bind\jakarta.xml.bind-api\4.0.2\jakarta.xml.bind-api-4.0.2.jar;D:\apache-maven-3.9.9\repository\jakarta\activation\jakarta.activation-api\2.1.3\jakarta.activation-api-2.1.3.jar;D:\apache-maven-3.9.9\repository\net\minidev\json-smart\2.5.1\json-smart-2.5.1.jar;D:\apache-maven-3.9.9\repository\net\minidev\accessors-smart\2.5.1\accessors-smart-2.5.1.jar;D:\apache-maven-3.9.9\repository\org\ow2\asm\asm\9.6\asm-9.6.jar;D:\apache-maven-3.9.9\repository\org\assertj\assertj-core\3.25.3\assertj-core-3.25.3.jar;D:\apache-maven-3.9.9\repository\net\bytebuddy\byte-buddy\1.14.19\byte-buddy-1.14.19.jar;D:\apache-maven-3.9.9\repository\org\awaitility\awaitility\4.2.2\awaitility-4.2.2.jar;D:\apache-maven-3.9.9\repository\org\hamcrest\hamcrest\2.2\hamcrest-2.2.jar;D:\apache-maven-3.9.9\repository\org\junit\jupiter\junit-jupiter\5.10.3\junit-jupiter-5.10.3.jar;D:\apache-maven-3.9.9\repository\org\junit\jupiter\junit-jupiter-api\5.10.3\junit-jupiter-api-5.10.3.jar;D:\apache-maven-3.9.9\repository\org\opentest4j\opentest4j\1.3.0\opentest4j-1.3.0.jar;D:\apache-maven-3.9.9\repository\org\junit\platform\junit-platform-commons\1.10.3\junit-platform-commons-1.10.3.jar;D:\apache-maven-3.9.9\repository\org\apiguardian\apiguardian-api\1.1.2\apiguardian-api-1.1.2.jar;D:\apache-maven-3.9.9\repository\org\junit\jupiter\junit-jupiter-params\5.10.3\junit-jupiter-params-5.10.3.jar;D:\apache-maven-3.9.9\repository\org\junit\jupiter\junit-jupiter-engine\5.10.3\junit-jupiter-engine-5.10.3.jar;D:\apache-maven-3.9.9\repository\org\junit\platform\junit-platform-engine\1.10.3\junit-platform-engine-1.10.3.jar;D:\apache-maven-3.9.9\repository\org\mockito\mockito-core\5.11.0\mockito-core-5.11.0.jar;D:\apache-maven-3.9.9\repository\net\bytebuddy\byte-buddy-agent\1.14.19\byte-buddy-agent-1.14.19.jar;D:\apache-maven-3.9.9\repository\org\objenesis\objenesis\3.3\objenesis-3.3.jar;D:\apache-maven-3.9.9\repository\org\mockito\mockito-junit-jupiter\5.11.0\mockito-junit-jupiter-5.11.0.jar;D:\apache-maven-3.9.9\repository\org\skyscreamer\jsonassert\1.5.3\jsonassert-1.5.3.jar;D:\apache-maven-3.9.9\repository\com\vaadin\external\google\android-json\0.0.20131108.vaadin1\android-json-0.0.20131108.vaadin1.jar;D:\apache-maven-3.9.9\repository\org\xmlunit\xmlunit-core\2.9.1\xmlunit-core-2.9.1.jar;D:\apache-maven-3.9.9\repository\com\baomidou\mybatis-plus-spring-boot3-starter\3.5.9\mybatis-plus-spring-boot3-starter-3.5.9.jar;D:\apache-maven-3.9.9\repository\com\baomidou\mybatis-plus\3.5.9\mybatis-plus-3.5.9.jar;D:\apache-maven-3.9.9\repository\com\baomidou\mybatis-plus-core\3.5.9\mybatis-plus-core-3.5.9.jar;D:\apache-maven-3.9.9\repository\com\baomidou\mybatis-plus-annotation\3.5.9\mybatis-plus-annotation-3.5.9.jar;D:\apache-maven-3.9.9\repository\com\baomidou\mybatis-plus-spring\3.5.9\mybatis-plus-spring-3.5.9.jar;D:\apache-maven-3.9.9\repository\com\baomidou\mybatis-plus-extension\3.5.9\mybatis-plus-extension-3.5.9.jar;D:\apache-maven-3.9.9\repository\org\mybatis\mybatis\3.5.16\mybatis-3.5.16.jar;D:\apache-maven-3.9.9\repository\org\mybatis\mybatis-spring\3.0.4\mybatis-spring-3.0.4.jar;D:\apache-maven-3.9.9\repository\com\baomidou\mybatis-plus-spring-boot-autoconfigure\3.5.9\mybatis-plus-spring-boot-autoconfigure-3.5.9.jar;D:\apache-maven-3.9.9\repository\org\springframework\boot\spring-boot-starter-jdbc\3.3.4\spring-boot-starter-jdbc-3.3.4.jar;D:\apache-maven-3.9.9\repository\com\zaxxer\HikariCP\5.1.0\HikariCP-5.1.0.jar;D:\apache-maven-3.9.9\repository\org\springframework\spring-jdbc\6.1.13\spring-jdbc-6.1.13.jar;D:\apache-maven-3.9.9\repository\org\netbeans\external\org-apache-commons-codec\RELEASE230\org-apache-commons-codec-RELEASE230.jar;D:\apache-maven-3.9.9\repository\com\mysql\mysql-connector-j\8.0.33\mysql-connector-j-8.0.33.jar;D:\apache-maven-3.9.9\repository\org\xerial\sqlite-jdbc\3.46.1.3\sqlite-jdbc-3.46.1.3.jar;D:\apache-maven-3.9.9\repository\commons-cli\commons-cli\1.9.0\commons-cli-1.9.0.jar;D:\apache-maven-3.9.9\repository\org\springframework\boot\spring-boot-starter-data-jpa\3.3.4\spring-boot-starter-data-jpa-3.3.4.jar;D:\apache-maven-3.9.9\repository\org\hibernate\orm\hibernate-core\6.5.3.Final\hibernate-core-6.5.3.Final.jar;D:\apache-maven-3.9.9\repository\jakarta\persistence\jakarta.persistence-api\3.1.0\jakarta.persistence-api-3.1.0.jar;D:\apache-maven-3.9.9\repository\jakarta\transaction\jakarta.transaction-api\2.0.1\jakarta.transaction-api-2.0.1.jar;D:\apache-maven-3.9.9\repository\org\jboss\logging\jboss-logging\3.5.3.Final\jboss-logging-3.5.3.Final.jar;D:\apache-maven-3.9.9\repository\org\hibernate\common\hibernate-commons-annotations\6.0.6.Final\hibernate-commons-annotations-6.0.6.Final.jar;D:\apache-maven-3.9.9\repository\io\smallrye\jandex\3.1.2\jandex-3.1.2.jar;D:\apache-maven-3.9.9\repository\com\fasterxml\classmate\1.7.0\classmate-1.7.0.jar;D:\apache-maven-3.9.9\repository\jakarta\inject\jakarta.inject-api\2.0.1\jakarta.inject-api-2.0.1.jar;D:\apache-maven-3.9.9\repository\org\antlr\antlr4-runtime\4.13.0\antlr4-runtime-4.13.0.jar;D:\apache-maven-3.9.9\repository\org\springframework\data\spring-data-jpa\3.3.4\spring-data-jpa-3.3.4.jar;D:\apache-maven-3.9.9\repository\org\springframework\data\spring-data-commons\3.3.4\spring-data-commons-3.3.4.jar;D:\apache-maven-3.9.9\repository\org\springframework\spring-orm\6.1.13\spring-orm-6.1.13.jar;D:\apache-maven-3.9.9\repository\org\springframework\spring-tx\6.1.13\spring-tx-6.1.13.jar;D:\apache-maven-3.9.9\repository\org\springframework\spring-aspects\6.1.13\spring-aspects-6.1.13.jar;D:\apache-maven-3.9.9\repository\org\springframework\session\spring-session-core\3.3.3\spring-session-core-3.3.3.jar;D:\apache-maven-3.9.9\repository\org\springframework\spring-jcl\6.1.13\spring-jcl-6.1.13.jar;D:\apache-maven-3.9.9\repository\com\alibaba\fastjson\2.0.53\fastjson-2.0.53.jar;D:\apache-maven-3.9.9\repository\com\alibaba\fastjson2\fastjson2-extension\2.0.53\fastjson2-extension-2.0.53.jar;D:\apache-maven-3.9.9\repository\com\alibaba\fastjson2\fastjson2\2.0.53\fastjson2-2.0.53.jar;D:\apache-maven-3.9.9\repository\junit\junit\4.13.2\junit-4.13.2.jar;D:\apache-maven-3.9.9\repository\org\hamcrest\hamcrest-core\2.2\hamcrest-core-2.2.jar;D:\apache-maven-3.9.9\repository\javax\xml\bind\jaxb-api\2.3.1\jaxb-api-2.3.1.jar;D:\apache-maven-3.9.9\repository\javax\activation\javax.activation-api\1.2.0\javax.activation-api-1.2.0.jar;D:\apache-maven-3.9.9\repository\org\glassfish\jaxb\jaxb-runtime\2.3.1\jaxb-runtime-2.3.1.jar;D:\apache-maven-3.9.9\repository\org\glassfish\jaxb\txw2\4.0.5\txw2-4.0.5.jar;D:\apache-maven-3.9.9\repository\com\sun\istack\istack-commons-runtime\4.1.2\istack-commons-runtime-4.1.2.jar;D:\apache-maven-3.9.9\repository\org\jvnet\staxex\stax-ex\2.1.0\stax-ex-2.1.0.jar;D:\apache-maven-3.9.9\repository\com\sun\xml\fastinfoset\FastInfoset\2.1.1\FastInfoset-2.1.1.jar;D:\apache-maven-3.9.9\repository\io\jsonwebtoken\jjwt\0.9.1\jjwt-0.9.1.jar;D:\apache-maven-3.9.9\repository\com\auth0\java-jwt\3.10.0\java-jwt-3.10.0.jar;D:\apache-maven-3.9.9\repository\commons-codec\commons-codec\1.16.1\commons-codec-1.16.1.jar;"/>
    <property name="java.vm.vendor" value="Oracle Corporation"/>
    <property name="sun.arch.data.model" value="64"/>
    <property name="user.variant" value=""/>
    <property name="java.vendor.url" value="https://java.oracle.com/"/>
    <property name="user.timezone" value="Asia/Shanghai"/>
    <property name="org.jboss.logging.provider" value="slf4j"/>
    <property name="os.name" value="Windows 11"/>
    <property name="java.vm.specification.version" value="21"/>
    <property name="sun.java.launcher" value="SUN_STANDARD"/>
    <property name="user.country" value="CN"/>
    <property name="sun.boot.library.path" value="D:\Java\jdk-21\bin"/>
    <property name="sun.java.command" value="C:\Users\11595\AppData\Local\Temp\surefire13737274951908136587\surefirebooter-20250122220000462_3.jar C:\Users\11595\AppData\Local\Temp\surefire13737274951908136587 2025-01-22T21-59-59_012-jvmRun1 surefire-20250122220000462_1tmp surefire_0-20250122220000462_2tmp"/>
    <property name="jdk.debug" value="release"/>
    <property name="surefire.test.class.path" value="D:\LocalGit\pear-spring-boot-starter\target\test-classes;D:\LocalGit\pear-spring-boot-starter\target\classes;D:\apache-maven-3.9.9\repository\org\springframework\boot\spring-boot-test\3.3.4\spring-boot-test-3.3.4.jar;D:\apache-maven-3.9.9\repository\org\springframework\boot\spring-boot\3.3.4\spring-boot-3.3.4.jar;D:\apache-maven-3.9.9\repository\org\springframework\spring-context\6.1.13\spring-context-6.1.13.jar;D:\apache-maven-3.9.9\repository\org\springframework\spring-test\6.1.13\spring-test-6.1.13.jar;D:\apache-maven-3.9.9\repository\com\fasterxml\jackson\core\jackson-databind\2.17.2\jackson-databind-2.17.2.jar;D:\apache-maven-3.9.9\repository\com\fasterxml\jackson\core\jackson-annotations\2.17.2\jackson-annotations-2.17.2.jar;D:\apache-maven-3.9.9\repository\com\fasterxml\jackson\core\jackson-core\2.17.2\jackson-core-2.17.2.jar;D:\apache-maven-3.9.9\repository\org\reflections\reflections\0.10.2\reflections-0.10.2.jar;D:\apache-maven-3.9.9\repository\org\javassist\javassist\3.28.0-GA\javassist-3.28.0-GA.jar;D:\apache-maven-3.9.9\repository\com\google\code\findbugs\jsr305\3.0.2\jsr305-3.0.2.jar;D:\apache-maven-3.9.9\repository\org\slf4j\slf4j-api\2.0.16\slf4j-api-2.0.16.jar;D:\apache-maven-3.9.9\repository\org\springframework\boot\spring-boot-starter-aop\3.3.4\spring-boot-starter-aop-3.3.4.jar;D:\apache-maven-3.9.9\repository\org\springframework\spring-aop\6.1.13\spring-aop-6.1.13.jar;D:\apache-maven-3.9.9\repository\org\springframework\spring-beans\6.1.13\spring-beans-6.1.13.jar;D:\apache-maven-3.9.9\repository\org\aspectj\aspectjweaver\1.9.22.1\aspectjweaver-1.9.22.1.jar;D:\apache-maven-3.9.9\repository\org\springframework\boot\spring-boot-autoconfigure\3.3.4\spring-boot-autoconfigure-3.3.4.jar;D:\apache-maven-3.9.9\repository\org\springframework\boot\spring-boot-configuration-processor\3.3.4\spring-boot-configuration-processor-3.3.4.jar;D:\apache-maven-3.9.9\repository\org\projectlombok\lombok\1.18.34\lombok-1.18.34.jar;D:\apache-maven-3.9.9\repository\org\springframework\boot\spring-boot-starter\3.3.4\spring-boot-starter-3.3.4.jar;D:\apache-maven-3.9.9\repository\org\springframework\boot\spring-boot-starter-logging\3.3.4\spring-boot-starter-logging-3.3.4.jar;D:\apache-maven-3.9.9\repository\ch\qos\logback\logback-classic\1.5.8\logback-classic-1.5.8.jar;D:\apache-maven-3.9.9\repository\ch\qos\logback\logback-core\1.5.8\logback-core-1.5.8.jar;D:\apache-maven-3.9.9\repository\org\apache\logging\log4j\log4j-to-slf4j\2.23.1\log4j-to-slf4j-2.23.1.jar;D:\apache-maven-3.9.9\repository\org\apache\logging\log4j\log4j-api\2.23.1\log4j-api-2.23.1.jar;D:\apache-maven-3.9.9\repository\org\slf4j\jul-to-slf4j\2.0.16\jul-to-slf4j-2.0.16.jar;D:\apache-maven-3.9.9\repository\jakarta\annotation\jakarta.annotation-api\2.1.1\jakarta.annotation-api-2.1.1.jar;D:\apache-maven-3.9.9\repository\org\springframework\spring-core\6.1.13\spring-core-6.1.13.jar;D:\apache-maven-3.9.9\repository\org\yaml\snakeyaml\2.2\snakeyaml-2.2.jar;D:\apache-maven-3.9.9\repository\org\springframework\boot\spring-boot-starter-web\3.3.4\spring-boot-starter-web-3.3.4.jar;D:\apache-maven-3.9.9\repository\org\springframework\boot\spring-boot-starter-json\3.3.4\spring-boot-starter-json-3.3.4.jar;D:\apache-maven-3.9.9\repository\com\fasterxml\jackson\datatype\jackson-datatype-jdk8\2.17.2\jackson-datatype-jdk8-2.17.2.jar;D:\apache-maven-3.9.9\repository\com\fasterxml\jackson\datatype\jackson-datatype-jsr310\2.17.2\jackson-datatype-jsr310-2.17.2.jar;D:\apache-maven-3.9.9\repository\com\fasterxml\jackson\module\jackson-module-parameter-names\2.17.2\jackson-module-parameter-names-2.17.2.jar;D:\apache-maven-3.9.9\repository\org\springframework\boot\spring-boot-starter-tomcat\3.3.4\spring-boot-starter-tomcat-3.3.4.jar;D:\apache-maven-3.9.9\repository\org\apache\tomcat\embed\tomcat-embed-core\10.1.30\tomcat-embed-core-10.1.30.jar;D:\apache-maven-3.9.9\repository\org\apache\tomcat\embed\tomcat-embed-el\10.1.30\tomcat-embed-el-10.1.30.jar;D:\apache-maven-3.9.9\repository\org\apache\tomcat\embed\tomcat-embed-websocket\10.1.30\tomcat-embed-websocket-10.1.30.jar;D:\apache-maven-3.9.9\repository\org\springframework\spring-web\6.1.13\spring-web-6.1.13.jar;D:\apache-maven-3.9.9\repository\io\micrometer\micrometer-observation\1.13.4\micrometer-observation-1.13.4.jar;D:\apache-maven-3.9.9\repository\io\micrometer\micrometer-commons\1.13.4\micrometer-commons-1.13.4.jar;D:\apache-maven-3.9.9\repository\org\springframework\spring-webmvc\6.1.13\spring-webmvc-6.1.13.jar;D:\apache-maven-3.9.9\repository\org\springframework\spring-expression\6.1.13\spring-expression-6.1.13.jar;D:\apache-maven-3.9.9\repository\org\springframework\boot\spring-boot-starter-test\3.3.4\spring-boot-starter-test-3.3.4.jar;D:\apache-maven-3.9.9\repository\org\springframework\boot\spring-boot-test-autoconfigure\3.3.4\spring-boot-test-autoconfigure-3.3.4.jar;D:\apache-maven-3.9.9\repository\com\jayway\jsonpath\json-path\2.9.0\json-path-2.9.0.jar;D:\apache-maven-3.9.9\repository\jakarta\xml\bind\jakarta.xml.bind-api\4.0.2\jakarta.xml.bind-api-4.0.2.jar;D:\apache-maven-3.9.9\repository\jakarta\activation\jakarta.activation-api\2.1.3\jakarta.activation-api-2.1.3.jar;D:\apache-maven-3.9.9\repository\net\minidev\json-smart\2.5.1\json-smart-2.5.1.jar;D:\apache-maven-3.9.9\repository\net\minidev\accessors-smart\2.5.1\accessors-smart-2.5.1.jar;D:\apache-maven-3.9.9\repository\org\ow2\asm\asm\9.6\asm-9.6.jar;D:\apache-maven-3.9.9\repository\org\assertj\assertj-core\3.25.3\assertj-core-3.25.3.jar;D:\apache-maven-3.9.9\repository\net\bytebuddy\byte-buddy\1.14.19\byte-buddy-1.14.19.jar;D:\apache-maven-3.9.9\repository\org\awaitility\awaitility\4.2.2\awaitility-4.2.2.jar;D:\apache-maven-3.9.9\repository\org\hamcrest\hamcrest\2.2\hamcrest-2.2.jar;D:\apache-maven-3.9.9\repository\org\junit\jupiter\junit-jupiter\5.10.3\junit-jupiter-5.10.3.jar;D:\apache-maven-3.9.9\repository\org\junit\jupiter\junit-jupiter-api\5.10.3\junit-jupiter-api-5.10.3.jar;D:\apache-maven-3.9.9\repository\org\opentest4j\opentest4j\1.3.0\opentest4j-1.3.0.jar;D:\apache-maven-3.9.9\repository\org\junit\platform\junit-platform-commons\1.10.3\junit-platform-commons-1.10.3.jar;D:\apache-maven-3.9.9\repository\org\apiguardian\apiguardian-api\1.1.2\apiguardian-api-1.1.2.jar;D:\apache-maven-3.9.9\repository\org\junit\jupiter\junit-jupiter-params\5.10.3\junit-jupiter-params-5.10.3.jar;D:\apache-maven-3.9.9\repository\org\junit\jupiter\junit-jupiter-engine\5.10.3\junit-jupiter-engine-5.10.3.jar;D:\apache-maven-3.9.9\repository\org\junit\platform\junit-platform-engine\1.10.3\junit-platform-engine-1.10.3.jar;D:\apache-maven-3.9.9\repository\org\mockito\mockito-core\5.11.0\mockito-core-5.11.0.jar;D:\apache-maven-3.9.9\repository\net\bytebuddy\byte-buddy-agent\1.14.19\byte-buddy-agent-1.14.19.jar;D:\apache-maven-3.9.9\repository\org\objenesis\objenesis\3.3\objenesis-3.3.jar;D:\apache-maven-3.9.9\repository\org\mockito\mockito-junit-jupiter\5.11.0\mockito-junit-jupiter-5.11.0.jar;D:\apache-maven-3.9.9\repository\org\skyscreamer\jsonassert\1.5.3\jsonassert-1.5.3.jar;D:\apache-maven-3.9.9\repository\com\vaadin\external\google\android-json\0.0.20131108.vaadin1\android-json-0.0.20131108.vaadin1.jar;D:\apache-maven-3.9.9\repository\org\xmlunit\xmlunit-core\2.9.1\xmlunit-core-2.9.1.jar;D:\apache-maven-3.9.9\repository\com\baomidou\mybatis-plus-spring-boot3-starter\3.5.9\mybatis-plus-spring-boot3-starter-3.5.9.jar;D:\apache-maven-3.9.9\repository\com\baomidou\mybatis-plus\3.5.9\mybatis-plus-3.5.9.jar;D:\apache-maven-3.9.9\repository\com\baomidou\mybatis-plus-core\3.5.9\mybatis-plus-core-3.5.9.jar;D:\apache-maven-3.9.9\repository\com\baomidou\mybatis-plus-annotation\3.5.9\mybatis-plus-annotation-3.5.9.jar;D:\apache-maven-3.9.9\repository\com\baomidou\mybatis-plus-spring\3.5.9\mybatis-plus-spring-3.5.9.jar;D:\apache-maven-3.9.9\repository\com\baomidou\mybatis-plus-extension\3.5.9\mybatis-plus-extension-3.5.9.jar;D:\apache-maven-3.9.9\repository\org\mybatis\mybatis\3.5.16\mybatis-3.5.16.jar;D:\apache-maven-3.9.9\repository\org\mybatis\mybatis-spring\3.0.4\mybatis-spring-3.0.4.jar;D:\apache-maven-3.9.9\repository\com\baomidou\mybatis-plus-spring-boot-autoconfigure\3.5.9\mybatis-plus-spring-boot-autoconfigure-3.5.9.jar;D:\apache-maven-3.9.9\repository\org\springframework\boot\spring-boot-starter-jdbc\3.3.4\spring-boot-starter-jdbc-3.3.4.jar;D:\apache-maven-3.9.9\repository\com\zaxxer\HikariCP\5.1.0\HikariCP-5.1.0.jar;D:\apache-maven-3.9.9\repository\org\springframework\spring-jdbc\6.1.13\spring-jdbc-6.1.13.jar;D:\apache-maven-3.9.9\repository\org\netbeans\external\org-apache-commons-codec\RELEASE230\org-apache-commons-codec-RELEASE230.jar;D:\apache-maven-3.9.9\repository\com\mysql\mysql-connector-j\8.0.33\mysql-connector-j-8.0.33.jar;D:\apache-maven-3.9.9\repository\org\xerial\sqlite-jdbc\3.46.1.3\sqlite-jdbc-3.46.1.3.jar;D:\apache-maven-3.9.9\repository\commons-cli\commons-cli\1.9.0\commons-cli-1.9.0.jar;D:\apache-maven-3.9.9\repository\org\springframework\boot\spring-boot-starter-data-jpa\3.3.4\spring-boot-starter-data-jpa-3.3.4.jar;D:\apache-maven-3.9.9\repository\org\hibernate\orm\hibernate-core\6.5.3.Final\hibernate-core-6.5.3.Final.jar;D:\apache-maven-3.9.9\repository\jakarta\persistence\jakarta.persistence-api\3.1.0\jakarta.persistence-api-3.1.0.jar;D:\apache-maven-3.9.9\repository\jakarta\transaction\jakarta.transaction-api\2.0.1\jakarta.transaction-api-2.0.1.jar;D:\apache-maven-3.9.9\repository\org\jboss\logging\jboss-logging\3.5.3.Final\jboss-logging-3.5.3.Final.jar;D:\apache-maven-3.9.9\repository\org\hibernate\common\hibernate-commons-annotations\6.0.6.Final\hibernate-commons-annotations-6.0.6.Final.jar;D:\apache-maven-3.9.9\repository\io\smallrye\jandex\3.1.2\jandex-3.1.2.jar;D:\apache-maven-3.9.9\repository\com\fasterxml\classmate\1.7.0\classmate-1.7.0.jar;D:\apache-maven-3.9.9\repository\jakarta\inject\jakarta.inject-api\2.0.1\jakarta.inject-api-2.0.1.jar;D:\apache-maven-3.9.9\repository\org\antlr\antlr4-runtime\4.13.0\antlr4-runtime-4.13.0.jar;D:\apache-maven-3.9.9\repository\org\springframework\data\spring-data-jpa\3.3.4\spring-data-jpa-3.3.4.jar;D:\apache-maven-3.9.9\repository\org\springframework\data\spring-data-commons\3.3.4\spring-data-commons-3.3.4.jar;D:\apache-maven-3.9.9\repository\org\springframework\spring-orm\6.1.13\spring-orm-6.1.13.jar;D:\apache-maven-3.9.9\repository\org\springframework\spring-tx\6.1.13\spring-tx-6.1.13.jar;D:\apache-maven-3.9.9\repository\org\springframework\spring-aspects\6.1.13\spring-aspects-6.1.13.jar;D:\apache-maven-3.9.9\repository\org\springframework\session\spring-session-core\3.3.3\spring-session-core-3.3.3.jar;D:\apache-maven-3.9.9\repository\org\springframework\spring-jcl\6.1.13\spring-jcl-6.1.13.jar;D:\apache-maven-3.9.9\repository\com\alibaba\fastjson\2.0.53\fastjson-2.0.53.jar;D:\apache-maven-3.9.9\repository\com\alibaba\fastjson2\fastjson2-extension\2.0.53\fastjson2-extension-2.0.53.jar;D:\apache-maven-3.9.9\repository\com\alibaba\fastjson2\fastjson2\2.0.53\fastjson2-2.0.53.jar;D:\apache-maven-3.9.9\repository\junit\junit\4.13.2\junit-4.13.2.jar;D:\apache-maven-3.9.9\repository\org\hamcrest\hamcrest-core\2.2\hamcrest-core-2.2.jar;D:\apache-maven-3.9.9\repository\javax\xml\bind\jaxb-api\2.3.1\jaxb-api-2.3.1.jar;D:\apache-maven-3.9.9\repository\javax\activation\javax.activation-api\1.2.0\javax.activation-api-1.2.0.jar;D:\apache-maven-3.9.9\repository\org\glassfish\jaxb\jaxb-runtime\2.3.1\jaxb-runtime-2.3.1.jar;D:\apache-maven-3.9.9\repository\org\glassfish\jaxb\txw2\4.0.5\txw2-4.0.5.jar;D:\apache-maven-3.9.9\repository\com\sun\istack\istack-commons-runtime\4.1.2\istack-commons-runtime-4.1.2.jar;D:\apache-maven-3.9.9\repository\org\jvnet\staxex\stax-ex\2.1.0\stax-ex-2.1.0.jar;D:\apache-maven-3.9.9\repository\com\sun\xml\fastinfoset\FastInfoset\2.1.1\FastInfoset-2.1.1.jar;D:\apache-maven-3.9.9\repository\io\jsonwebtoken\jjwt\0.9.1\jjwt-0.9.1.jar;D:\apache-maven-3.9.9\repository\com\auth0\java-jwt\3.10.0\java-jwt-3.10.0.jar;D:\apache-maven-3.9.9\repository\commons-codec\commons-codec\1.16.1\commons-codec-1.16.1.jar;"/>
    <property name="sun.cpu.endian" value="little"/>
    <property name="user.home" value="C:\Users\11595"/>
    <property name="user.language" value="zh"/>
    <property name="java.specification.vendor" value="Oracle Corporation"/>
    <property name="java.version.date" value="2024-01-16"/>
    <property name="java.home" value="D:\Java\jdk-21"/>
    <property name="file.separator" value="\"/>
    <property name="basedir" value="D:\LocalGit\pear-spring-boot-starter"/>
    <property name="java.vm.compressedOopsMode" value="Zero based"/>
    <property name="line.separator" value="&#10;"/>
    <property name="java.vm.specification.vendor" value="Oracle Corporation"/>
    <property name="java.specification.name" value="Java Platform API Specification"/>
    <property name="FILE_LOG_CHARSET" value="UTF-8"/>
    <property name="java.awt.headless" value="true"/>
    <property name="surefire.real.class.path" value="C:\Users\11595\AppData\Local\Temp\surefire13737274951908136587\surefirebooter-20250122220000462_3.jar"/>
    <property name="user.script" value=""/>
    <property name="sun.management.compiler" value="HotSpot 64-Bit Tiered Compilers"/>
    <property name="java.runtime.version" value="21.0.2+13-LTS-58"/>
    <property name="user.name" value="11595"/>
    <property name="stdout.encoding" value="GBK"/>
    <property name="path.separator" value=";"/>
    <property name="os.version" value="10.0"/>
    <property name="java.runtime.name" value="Java(TM) SE Runtime Environment"/>
    <property name="file.encoding" value="UTF-8"/>
    <property name="java.vm.name" value="Java HotSpot(TM) 64-Bit Server VM"/>
    <property name="localRepository" value="D:\apache-maven-3.9.9\repository"/>
    <property name="java.vendor.url.bug" value="https://bugreport.java.com/bugreport/"/>
    <property name="java.io.tmpdir" value="C:\Users\11595\AppData\Local\Temp\"/>
    <property name="idea.version" value="2023.2.8"/>
    <property name="com.zaxxer.hikari.pool_number" value="2"/>
    <property name="java.version" value="21.0.2"/>
    <property name="user.dir" value="D:\LocalGit\pear-spring-boot-starter"/>
    <property name="os.arch" value="amd64"/>
    <property name="java.vm.specification.name" value="Java Virtual Machine Specification"/>
    <property name="PID" value="30640"/>
    <property name="sun.os.patch.level" value=""/>
    <property name="CONSOLE_LOG_CHARSET" value="UTF-8"/>
    <property name="native.encoding" value="GBK"/>
    <property name="java.library.path" value="D:\Java\jdk-21\bin;C:\WINDOWS\Sun\Java\bin;C:\WINDOWS\system32;C:\WINDOWS;D:\CUDA Tootkit 12.3\bin;D:\CUDA Tootkit 12.3\libnvvp;D:\python3.12\Scripts\;D:\python3.12\;C:\Windows\system32;C:\Windows;C:\Windows\System32\Wbem;C:\Windows\System32\WindowsPowerShell\v1.0\;C:\Windows\System32\OpenSSH\;C:\Program Files (x86)\NVIDIA Corporation\PhysX\Common;C:\Program Files\NVIDIA Corporation\NVIDIA NvDLISR;C:\WINDOWS\system32;C:\WINDOWS;C:\WINDOWS\System32\Wbem;C:\WINDOWS\System32\WindowsPowerShell\v1.0\;C:\WINDOWS\System32\OpenSSH\;D:\Git\cmd;E:\mysql-8.1.0-winx64\bin;D:\nodejs\node_global;D:\nodejs\;D:\Xshell7\;D:\xftp7\;E:\微信web开发者工具\dll;C:\Program Files\Docker\Docker\resources\bin;C:\Program Files (x86)\Microsoft SQL Server\160\Tools\Binn\;C:\Program Files\Microsoft SQL Server\160\Tools\Binn\;C:\Program Files\Microsoft SQL Server\Client SDK\ODBC\170\Tools\Binn\;C:\Program Files\Microsoft SQL Server\160\DTS\Binn\;C:\Program Files\Microsoft SQL Server\150\Tools\Binn\;D:\go\bin;D:\goProject;D:\apache-maven-3.9.9\bin;D:\Java\jdk-17\bin;D:\goProject\bin;E:\TDM-GCC\bin;C:\Program Files\dotnet\;D:\gradle-8.11\bin;D:\gradle-8.11\reponsitory;C:\Program Files\NVIDIA Corporation\Nsight Compute 2023.3.1\;;E:\Gpg4win\..\GnuPG\bin;C:\Users\11595\AppData\Local\Microsoft\WindowsApps;C:\Users\11595\AppData\Roaming\npm;D:\PyCharm 2023.3.4\bin;;C:\Users\11595\go\bin;E:\Microsoft VS Code\bin;%IntelliJ IDEA Community Edition%;D:\IntelliJ IDEA 2024.2.3\bin;;;."/>
    <property name="java.vm.info" value="mixed mode, sharing"/>
    <property name="stderr.encoding" value="GBK"/>
    <property name="java.vendor" value="Oracle Corporation"/>
    <property name="java.vm.version" value="21.0.2+13-LTS-58"/>
    <property name="sun.io.unicode.encoding" value="UnicodeLittle"/>
    <property name="maven.repo.local" value="D:\apache-maven-3.9.9\repository"/>
    <property name="java.class.version" value="65.0"/>
    <property name="LOGGED_APPLICATION_NAME" value="[spring-boot-starter-pear] "/>
  </properties>
  <testcase name="getBoolEnv_Normal" classname="cn.muzisheng.pear.serviceTest.ConfigServiceTests$GetIntegerEnvTests" time="0.011">
    <system-out><![CDATA[2025-01-22 22:00:09.447 &amp#27;[34mINFO &amp#27;[0;39m &amp#27;[30mmain&amp#27;[0;39m  &amp#27;[32mo.s.test.context.support.AnnotationConfigContextLoaderUtils-83&amp#27;[0;39m         &amp#27;[34mCould not detect default configuration classes for test class [cn.muzisheng.pear.serviceTest.ConfigServiceTests$GetIntegerEnvTests]: GetIntegerEnvTests does not declare any static, non-private, non-final, nested classes annotated with @Configuration.&amp#27;[0;39m &amp#27;[34m&amp#27;[0;39m 
2025-01-22 22:00:09.450 &amp#27;[34mINFO &amp#27;[0;39m &amp#27;[30mmain&amp#27;[0;39m  &amp#27;[32mo.springframework.boot.test.context.SpringBootTestContextBootstrapper-234&amp#27;[0;39m &amp#27;[34mFound @SpringBootConfiguration cn.muzisheng.pear.Application for test class cn.muzisheng.pear.serviceTest.ConfigServiceTests$GetIntegerEnvTests&amp#27;[0;39m &amp#27;[34m&amp#27;[0;39m 
]]></system-out>
  </testcase>
  <testcase name="getBoolEnv_Error" classname="cn.muzisheng.pear.serviceTest.ConfigServiceTests$GetIntegerEnvTests" time="0.014"/>
</testsuite>